<?xml version="1.0" encoding="UTF-8"?>
<!-- Generated by org.testng.reporters.JUnitReportReporter -->
<testsuite hostname="DESKTOP-UFLT0U7" name="driverFactory.DriverScript" tests="1" failures="0" timestamp="11 May 2022 12:24:31 GMT" time="108.127" errors="0">
  <testcase name="StartTest" time="108.127" classname="driverFactory.DriverScript"/>
</testsuite> <!-- driverFactory.DriverScript -->
