<?xml version="1.0" encoding="UTF-8"?>
<!-- Generated by org.testng.reporters.JUnitReportReporter -->
<testsuite hostname="DESKTOP-UFLT0U7" name="may16.FacebookParameters" tests="1" failures="0" timestamp="19 May 2022 15:10:48 GMT" time="12.775" errors="0">
  <testcase name="createAccount" time="12.775" classname="may16.FacebookParameters"/>
</testsuite> <!-- may16.FacebookParameters -->
